--------------------------------------------------------------------------------
Symbol and Schematic Translator for PADS Logic 
Release: PADS 9.5
GBS Install Id: 27413
Copyright (C) 2012 Mentor Graphics Corp.
Translation start: 2017/2/13 14:04:53
Input file: C:\Users\mcu_wolf\Desktop\Miscellaneous Devices LC\Cap\Cap.SchLib
File type: (3,3) Protel for Windows - Schematic Library Editor Binary File Version 5.0
Output path: C:\Users\mcu_wolf\Desktop\Miscellaneous Devices LC\Cap\Cap
[W] Renamed illegal symbol name: '0402 470nF (474) 10% 10V' to '0402_470NF_(474)_10%_10V'
[W] Renamed illegal symbol name: '0402 150pF (151) 10% 50V' to '0402_150PF_(151)_10%_50V'
[W] Renamed illegal symbol name: '0603 33nF (333) 10% 50V' to '0603_33NF_(333)_10%_50V'
[W] Renamed illegal symbol name: '0402 10nF (103) 10% 50V' to '0402_10NF_(103)_10%_50V'
[W] Renamed illegal symbol name: '0805 22pF (220) 5% 50V' to '0805_22PF_(220)_5%_50V'
[W] Renamed illegal symbol name: '0603 12pF (120) 5% 50V' to '0603_12PF_(120)_5%_50V'
[W] Renamed illegal symbol name: '1206 100nF (104) 10% 50V' to '1206_100NF_(104)_10%_50V'
[W] Renamed illegal symbol name: '0805 200pF (201) 10% 50V' to '0805_200PF_(201)_10%_50V'
[W] Renamed illegal symbol name: '0603 2.2uF (225) 10% 16V' to '0603_2.2UF_(225)_10%_16V'
[W] Renamed illegal symbol name: '0402 1.5nF (152) 10% 50V' to '0402_1.5NF_(152)_10%_50V'
[W] Renamed illegal symbol name: '0805 33pF (330) 5% 50V' to '0805_33PF_(330)_5%_50V'
[W] Renamed illegal symbol name: '0805 18pF (180) 5% 50V' to '0805_18PF_(180)_5%_50V'
[W] Renamed illegal symbol name: '0603 2.7pF (2R7) 0.25pF 50V' to '0603_2.7PF_(2R7)_0.25PF_50V'
[W] Renamed illegal symbol name: '1206 4.7uF (475) 10% 50V' to '1206_4.7UF_(475)_10%_50V'
[W] Renamed illegal symbol name: '0603 100pF (101) 5% 50V' to '0603_100PF_(101)_5%_50V'
[W] Renamed illegal symbol name: '0402 68pF (680) 5% 50V' to '0402_68PF_(680)_5%_50V'
[W] Renamed illegal symbol name: '0603 4.7pF (4R7) 0.25pF 50V' to '0603_4.7PF_(4R7)_0.25PF_50V'
[W] Renamed illegal symbol name: '0402 2.0pF (2R0) 0.25pF 50V' to '0402_2.0PF_(2R0)_0.25PF_50V'
[W] Renamed illegal symbol name: '0402 1.5pF (1R5) 0.25pF 50V' to '0402_1.5PF_(1R5)_0.25PF_50V'
[W] Renamed illegal symbol name: '0805 220pF (221) 10% 50V' to '0805_220PF_(221)_10%_50V'
[W] Renamed illegal symbol name: '3216 10uF (106) 10% 16V' to '3216_10UF_(106)_10%_16V'
[W] Renamed illegal symbol name: '0603 1nF (102) 10% 50V' to '0603_1NF_(102)_10%_50V'
[W] Renamed illegal symbol name: '0805 2.7pF (2R7) 0.25pF 50V' to '0805_2.7PF_(2R7)_0.25PF_50V'
[W] Renamed illegal symbol name: '0402 1pF (1R0) 0.25pF 50V' to '0402_1PF_(1R0)_0.25PF_50V'
[W] Renamed illegal symbol name: '1206 10uF (106) 10% 50V' to '1206_10UF_(106)_10%_50V'
[W] Renamed illegal symbol name: '0805 10pF (100) 5% 50V' to '0805_10PF_(100)_5%_50V'
[W] Renamed illegal symbol name: '0603 56pF (560) 5% 50V' to '0603_56PF_(560)_5%_50V'
[W] Renamed illegal symbol name: '0805 4.7pF (4R7) 0.25pF 50V' to '0805_4.7PF_(4R7)_0.25PF_50V'
[W] Renamed illegal symbol name: '1206 2.2uF (225) 10% 50V' to '1206_2.2UF_(225)_10%_50V'
[W] Renamed illegal symbol name: '0603 6.8nF (682) 10% 50V' to '0603_6.8NF_(682)_10%_50V'
[W] Renamed illegal symbol name: '0603 10nF (103) 10% 50V' to '0603_10NF_(103)_10%_50V'
[W] Renamed illegal symbol name: '0603 82pF (820) 5% 50V' to '0603_82PF_(820)_5%_50V'
[W] Renamed illegal symbol name: '0402 1nF (102) 10% 50V' to '0402_1NF_(102)_10%_50V'
[W] Renamed illegal symbol name: '0402 2.2pF (2R2) 0.25pF 50V' to '0402_2.2PF_(2R2)_0.25PF_50V'
[W] Renamed illegal symbol name: '0603 3.3nF (332) 10% 50V' to '0603_3.3NF_(332)_10%_50V'
[W] Renamed illegal symbol name: '0603 68nF (683) 10% 50V' to '0603_68NF_(683)_10%_50V'
[W] Renamed illegal symbol name: '0603 22pF (220) 5% 50V' to '0603_22PF_(220)_5%_50V'
[W] Renamed illegal symbol name: '0402 56pF (560) 5% 50V' to '0402_56PF_(560)_5%_50V'
[W] Renamed illegal symbol name: '0402 330pF (331) 5% 50V' to '0402_330PF_(331)_5%_50V'
[W] Renamed illegal symbol name: '0805 1uF (105) 10% 50V' to '0805_1UF_(105)_10%_50V'
[W] Renamed illegal symbol name: '0603 33pF (330) 5% 50V' to '0603_33PF_(330)_5%_50V'
[W] Renamed illegal symbol name: '0603 18pF (180) 5% 50V' to '0603_18PF_(180)_5%_50V'
[W] Renamed illegal symbol name: '0402 3.3pF (3R3) 0.25pF 50V' to '0402_3.3PF_(3R3)_0.25PF_50V'
[W] Renamed illegal symbol name: '0603 6pF (6R0) 0.25pF 50V' to '0603_6PF_(6R0)_0.25PF_50V'
[W] Renamed illegal symbol name: '0402 470pF (471) 10% 50V' to '0402_470PF_(471)_10%_50V'
[W] Renamed illegal symbol name: '0805 10uF (106) 10% 25V' to '0805_10UF_(106)_10%_25V'
[W] Renamed illegal symbol name: '0402 22pF (220) 5% 50V' to '0402_22PF_(220)_5%_50V'
[W] Renamed illegal symbol name: '0805 4.7nF (472) 10% 50V' to '0805_4.7NF_(472)_10%_50V'
[W] Renamed illegal symbol name: '0603 470nF (474) 10% 25V' to '0603_470NF_(474)_10%_25V'
[W] Renamed illegal symbol name: '0603 22nF (223) 10% 50V' to '0603_22NF_(223)_10%_50V'
[W] Renamed illegal symbol name: '0402 33pF (330) 5% 50V' to '0402_33PF_(330)_5%_50V'
[W] Renamed illegal symbol name: '0402 18pF (180) 5% 50V' to '0402_18PF_(180)_5%_50V'
[W] Renamed illegal symbol name: '0402 12pF (120) 5% 50V' to '0402_12PF_(120)_5%_50V'
[W] Renamed illegal symbol name: '0402 6.8pF (6R8) 0.25pF 50V' to '0402_6.8PF_(6R8)_0.25PF_50V'
[W] Renamed illegal symbol name: '0603 330nF (334) 10% 25V' to '0603_330NF_(334)_10%_25V'
[W] Renamed illegal symbol name: '0805 20pF (200) 5% 50V' to '0805_20PF_(200)_5%_50V'
[W] Renamed illegal symbol name: '0603 10pF (100) 5% 50V' to '0603_10PF_(100)_5%_50V'
[W] Renamed illegal symbol name: '1206 470pF (471) 10% 50V' to '1206_470PF_(471)_10%_50V'
[W] Renamed illegal symbol name: '0805 2.2uF (225) 20% 50V' to '0805_2.2UF_(225)_20%_50V'
[W] Renamed illegal symbol name: '0603 100nF (104) 10% 50V' to '0603_100NF_(104)_10%_50V'
[W] Renamed illegal symbol name: '1206 1uF (105) 10% 50V' to '1206_1UF_(105)_10%_50V'
[W] Renamed illegal symbol name: '0603 3pF (3R0) 0.25pF 50V' to '0603_3PF_(3R0)_0.25PF_50V'
[W] Renamed illegal symbol name: '0603 330pF (331) 5% 50V' to '0603_330PF_(331)_5%_50V'
[W] Renamed illegal symbol name: '0805 27pF (270) 5% 50V' to '0805_27PF_(270)_5%_50V'
[W] Renamed illegal symbol name: '0603 150pF (151) 10% 50V' to '0603_150PF_(151)_10%_50V'
[W] Renamed illegal symbol name: '0402 220pF (221) 10% 50V' to '0402_220PF_(221)_10%_50V'
[W] Renamed illegal symbol name: '0805 100nF(104) 10% 50V' to '0805_100NF(104)_10%_50V'
[W] Renamed illegal symbol name: '0603 1uF (105) 10% 50V' to '0603_1UF_(105)_10%_50V'
[W] Renamed illegal symbol name: '0603 220nF (224) 10% 25V' to '0603_220NF_(224)_10%_25V'
[W] Renamed illegal symbol name: '0603 1.5nF (152) 10% 50V' to '0603_1.5NF_(152)_10%_50V'
[W] Renamed illegal symbol name: '0402 100nF (104) 10% 16V' to '0402_100NF_(104)_10%_16V'
[W] Renamed illegal symbol name: '0402 10uF (106) 20% 6.3V' to '0402_10UF_(106)_20%_6.3V'
[W] Renamed illegal symbol name: '0603 8.2pF (8R2) 0.25pF 50V' to '0603_8.2PF_(8R2)_0.25PF_50V'
[W] Renamed illegal symbol name: '1206 220pF (221) 10% 50V' to '1206_220PF_(221)_10%_50V'
[W] Renamed illegal symbol name: '0603 22uF (226) 20% 6.3V' to '0603_22UF_(226)_20%_6.3V'
[W] Renamed illegal symbol name: '0603 47nF (473) 10% 50V' to '0603_47NF_(473)_10%_50V'
[W] Renamed illegal symbol name: '0805 30pF (300) 5% 50V' to '0805_30PF_(300)_5%_50V'
[W] Renamed illegal symbol name: '0805 15pF (150) 5% 50V' to '0805_15PF_(150)_5%_50V'
[W] Renamed illegal symbol name: '0603 20pF (200) 5% 50V' to '0603_20PF_(200)_5%_50V'
[W] Renamed illegal symbol name: '0603 1.5pF (1R5) 0.25pF 50V' to '0603_1.5PF_(1R5)_0.25PF_50V'
[W] Renamed illegal symbol name: '0805 470nF (474) 10% 50V' to '0805_470NF_(474)_10%_50V'
[W] Renamed illegal symbol name: '0603 8.2nF (822) 10% 50V' to '0603_8.2NF_(822)_10%_50V'
[W] Renamed illegal symbol name: '1206 1nF (102) 10% 500V' to '1206_1NF_(102)_10%_500V'
[W] Renamed illegal symbol name: '0603 12nF (123) 10% 50V' to '0603_12NF_(123)_10%_50V'
[W] Renamed illegal symbol name: '0402 6.0pF (6R0) 0.25pF 50V NPO' to '0402_6.0PF_(6R0)_0.25PF_50V_NPO'
[W] Renamed illegal symbol name: '0805 330nF (334) 10% 50V' to '0805_330NF_(334)_10%_50V'
[W] Renamed illegal symbol name: '0402 220nF (224) 10% 16V' to '0402_220NF_(224)_10%_16V'
[W] Renamed illegal symbol name: '0603 27pF (270) 5% 50V' to '0603_27PF_(270)_5%_50V'
[W] Renamed illegal symbol name: '0805 2.0pF (2R0) 0.25pF 50V' to '0805_2.0PF_(2R0)_0.25PF_50V'
[W] Renamed illegal symbol name: '0805 1.5pF (1R5) 0.25pF 50V' to '0805_1.5PF_(1R5)_0.25PF_50V'
[W] Renamed illegal symbol name: '0805 6.8nF (682) 10% 50V' to '0805_6.8NF_(682)_10%_50V'
[W] Renamed illegal symbol name: '0603 680pF (681) 10% 50V' to '0603_680PF_(681)_10%_50V'
[W] Renamed illegal symbol name: '0402 4.7nF (472) 10% 50V' to '0402_4.7NF_(472)_10%_50V'
[W] Renamed illegal symbol name: '0402 10pF (100) 5% 50V' to '0402_10PF_(100)_5%_50V'
[W] Renamed illegal symbol name: '0805 3.3nF (332) 10% 50V' to '0805_3.3NF_(332)_10%_50V'
[W] Renamed illegal symbol name: '0402 27pF (270) 5% 50V' to '0402_27PF_(270)_5%_50V'
[W] Renamed illegal symbol name: '0805 6pF (6R0) 0.25pF 50V' to '0805_6PF_(6R0)_0.25PF_50V'
[W] Renamed illegal symbol name: '0603 470pF (471) 10% 50V' to '0603_470PF_(471)_10%_50V'
[W] Renamed illegal symbol name: '0603 27nF (273) 20% 50V' to '0603_27NF_(273)_20%_50V'
[W] Renamed illegal symbol name: '0402 33nF (333) 20% 50V' to '0402_33NF_(333)_20%_50V'
[W] Renamed illegal symbol name: '0805 220nF (224) 10% 50V' to '0805_220NF_(224)_10%_50V'
[W] Renamed illegal symbol name: '0402 2.2nF (222) 10% 50V' to '0402_2.2NF_(222)_10%_50V'
[W] Renamed illegal symbol name: '0805 10nF (103) 10% 50V' to '0805_10NF_(103)_10%_50V'
[W] Renamed illegal symbol name: '0603 30pF (300) 5% 50V' to '0603_30PF_(300)_5%_50V'
[W] Renamed illegal symbol name: '0603 15pF (150) 5% 50V' to '0603_15PF_(150)_5%_50V'
[W] Renamed illegal symbol name: '0805 68nF (683) 10% 50V' to '0805_68NF_(683)_10%_50V'
[W] Renamed illegal symbol name: '0603 6.8pF (6R8) 0.25pF 50V' to '0603_6.8PF_(6R8)_0.25PF_50V'
[W] Renamed illegal symbol name: '0805 33nF (333) 10% 50V' to '0805_33NF_(333)_10%_50V'
[W] Renamed illegal symbol name: '0805 68pF (680) 5% 50V' to '0805_68PF_(680)_5%_50V'
[W] Renamed illegal symbol name: '0805 47pF (470) 5% 50V' to '0805_47PF_(470)_5%_50V'
[W] Renamed illegal symbol name: '0402 30pF (300) 5% 50V' to '0402_30PF_(300)_5%_50V'
[W] Renamed illegal symbol name: '0402 15pF (150) 5% 50V' to '0402_15PF_(150)_5%_50V'
[W] Renamed illegal symbol name: '0402 2.7pF (2R7) 0.25pF 50V' to '0402_2.7PF_(2R7)_0.25PF_50V'
[W] Renamed illegal symbol name: '0402 20pF (200) 5% 50V' to '0402_20PF_(200)_5%_50V'
[W] Renamed illegal symbol name: '0805 6.8pF (6R8) 0.25pF 50V' to '0805_6.8PF_(6R8)_0.25PF_50V'
[W] Renamed illegal symbol name: '0402 4.7pF (4R7) 0.25pF 50V' to '0402_4.7PF_(4R7)_0.25PF_50V'
[W] Renamed illegal symbol name: '0603 220pF (221) 10% 50V' to '0603_220PF_(221)_10%_50V'
[W] Renamed illegal symbol name: '0805 22nF (223) 10% 50V' to '0805_22NF_(223)_10%_50V'
[W] Renamed illegal symbol name: '0805 100pF (101) 5% 50V' to '0805_100PF_(101)_5%_50V'
[W] Renamed illegal symbol name: '0603 1.0pF (010) 0.25pF 50V' to '0603_1.0PF_(010)_0.25PF_50V'
[W] Renamed illegal symbol name: '0805 150pF (151) 10% 50V' to '0805_150PF_(151)_10%_50V'
[W] Renamed illegal symbol name: '0805 2.2nF (222) 5% 50V' to '0805_2.2NF_(222)_5%_50V'
[W] Renamed illegal symbol name: '0805 470pF (471) 10% 50V' to '0805_470PF_(471)_10%_50V'
[W] Renamed illegal symbol name: '0805 1.5nF (152) 10% 50V' to '0805_1.5NF_(152)_10%_50V'
[W] Renamed illegal symbol name: '0603 2.7nF (272) 10% 50V' to '0603_2.7NF_(272)_10%_50V'
[W] Renamed illegal symbol name: '0402 4.7uF (475) 20% 10V' to '0402_4.7UF_(475)_20%_10V'
[W] Renamed illegal symbol name: '0603 15nF (153) 10% 50V' to '0603_15NF_(153)_10%_50V'
[W] Renamed illegal symbol name: '0805 1.0pF (010) 0.25pF 50V' to '0805_1.0PF_(010)_0.25PF_50V'
[W] Renamed illegal symbol name: '0603 2.0pF (020) 0.25pF 50V' to '0603_2.0PF_(020)_0.25PF_50V'
[W] Renamed illegal symbol name: '0402 6.8nF (682) 10% 50V' to '0402_6.8NF_(682)_10%_50V'
[W] Renamed illegal symbol name: '1206 470nF (474) 10% 50V' to '1206_470NF_(474)_10%_50V'
[W] Renamed illegal symbol name: '0402 3.3nF (332) 10% 50V' to '0402_3.3NF_(332)_10%_50V'
[W] Renamed illegal symbol name: '0603 68pF (680) 5% 50V' to '0603_68PF_(680)_5%_50V'
[W] Renamed illegal symbol name: '0603 47pF (470) 5% 50V' to '0603_47PF_(470)_5%_50V'
[W] Renamed illegal symbol name: '0603 200pF (201) 10% 50V' to '0603_200PF_(201)_10%_50V'
[W] Renamed illegal symbol name: '0402 1.0uF (105) 10% 25V' to '0402_1.0UF_(105)_10%_25V'
[W] Renamed illegal symbol name: '1206 10nF (103) 10% 50V' to '1206_10NF_(103)_10%_50V'
[W] Renamed illegal symbol name: '0805 22uF (226) 20% 25V' to '0805_22UF_(226)_20%_25V'
[W] Renamed illegal symbol name: '0805 12pF (120) 5% 50V' to '0805_12PF_(120)_5%_50V'
[W] Renamed illegal symbol name: '0805 4.7uF (475) 10% 25V' to '0805_4.7UF_(475)_10%_25V'
[W] Renamed illegal symbol name: '0603 4.7nF (472) 10% 50V' to '0603_4.7NF_(472)_10%_50V'
[W] Renamed illegal symbol name: '0603 10uF (106) 10% 10V' to '0603_10UF_(106)_10%_10V'
[W] Renamed illegal symbol name: '0402 47pF (470) 5% 50V' to '0402_47PF_(470)_5%_50V'
[W] Renamed illegal symbol name: '0805 680pF (681) 10% 50V' to '0805_680PF_(681)_10%_50V'
[W] Renamed illegal symbol name: '0603 1.2nF (122) 10% 50V' to '0603_1.2NF_(122)_10%_50V'
[W] Renamed illegal symbol name: '0805 47nF (473) 10% 50V' to '0805_47NF_(473)_10%_50V'
[W] Renamed illegal symbol name: '3528 100uF (107) 10% 6.3V' to '3528_100UF_(107)_10%_6.3V'
[W] Renamed illegal symbol name: '0402 22nF (223) 10% 50V' to '0402_22NF_(223)_10%_50V'
[W] Renamed illegal symbol name: '0402 100pF (101) 5% 50V' to '0402_100PF_(101)_5%_50V'
[W] Renamed illegal symbol name: '0805 1nF (102) 10% 50V' to '0805_1NF_(102)_10%_50V'
[W] Renamed illegal symbol name: '1206 220nF (224) 10% 50V' to '1206_220NF_(224)_10%_50V'
[W] Renamed illegal symbol name: '0603 4.7uF (475) 10% 16V' to '0603_4.7UF_(475)_10%_16V'
[W] Renamed illegal symbol name: '0603 2.2nF (222) 10% 50V' to '0603_2.2NF_(222)_10%_50V'
[W] Renamed illegal symbol name: '0805 56pF (560) 5% 50V' to '0805_56PF_(560)_5%_50V'
[W] Renamed illegal symbol name: '0805 330pF (331) 10% 50V' to '0805_330PF_(331)_10%_50V'
[W] Renamed illegal part type name: '0402 6.0pF (6R0) 0.25pF 50V NPO' to '0402_6.0PF_(6R0)_0.25PF_50V_NPO'
[W] Renamed illegal part type name: '0805 6.8pF (6R8) 0.25pF 50V' to '0805_6.8PF_(6R8)_0.25PF_50V'
[W] Renamed illegal part type name: '0805 4.7pF (4R7) 0.25pF 50V' to '0805_4.7PF_(4R7)_0.25PF_50V'
[W] Renamed illegal part type name: '0805 2.7pF (2R7) 0.25pF 50V' to '0805_2.7PF_(2R7)_0.25PF_50V'
[W] Renamed illegal part type name: '0805 2.0pF (2R0) 0.25pF 50V' to '0805_2.0PF_(2R0)_0.25PF_50V'
[W] Renamed illegal part type name: '0805 1.5pF (1R5) 0.25pF 50V' to '0805_1.5PF_(1R5)_0.25PF_50V'
[W] Renamed illegal part type name: '0805 1.0pF (010) 0.25pF 50V' to '0805_1.0PF_(010)_0.25PF_50V'
[W] Renamed illegal part type name: '0603 8.2pF (8R2) 0.25pF 50V' to '0603_8.2PF_(8R2)_0.25PF_50V'
[W] Renamed illegal part type name: '0603 6.8pF (6R8) 0.25pF 50V' to '0603_6.8PF_(6R8)_0.25PF_50V'
[W] Renamed illegal part type name: '0603 4.7pF (4R7) 0.25pF 50V' to '0603_4.7PF_(4R7)_0.25PF_50V'
[W] Renamed illegal part type name: '0603 2.7pF (2R7) 0.25pF 50V' to '0603_2.7PF_(2R7)_0.25PF_50V'
[W] Renamed illegal part type name: '0603 2.0pF (020) 0.25pF 50V' to '0603_2.0PF_(020)_0.25PF_50V'
[W] Renamed illegal part type name: '0603 1.5pF (1R5) 0.25pF 50V' to '0603_1.5PF_(1R5)_0.25PF_50V'
[W] Renamed illegal part type name: '0603 1.0pF (010) 0.25pF 50V' to '0603_1.0PF_(010)_0.25PF_50V'
[W] Renamed illegal part type name: '0402 6.8pF (6R8) 0.25pF 50V' to '0402_6.8PF_(6R8)_0.25PF_50V'
[W] Renamed illegal part type name: '0402 4.7pF (4R7) 0.25pF 50V' to '0402_4.7PF_(4R7)_0.25PF_50V'
[W] Renamed illegal part type name: '0402 3.3pF (3R3) 0.25pF 50V' to '0402_3.3PF_(3R3)_0.25PF_50V'
[W] Renamed illegal part type name: '0402 2.7pF (2R7) 0.25pF 50V' to '0402_2.7PF_(2R7)_0.25PF_50V'
[W] Renamed illegal part type name: '0402 2.2pF (2R2) 0.25pF 50V' to '0402_2.2PF_(2R2)_0.25PF_50V'
[W] Renamed illegal part type name: '0402 2.0pF (2R0) 0.25pF 50V' to '0402_2.0PF_(2R0)_0.25PF_50V'
[W] Renamed illegal part type name: '0402 1.5pF (1R5) 0.25pF 50V' to '0402_1.5PF_(1R5)_0.25PF_50V'
[W] Renamed illegal part type name: '0805 6pF (6R0) 0.25pF 50V' to '0805_6PF_(6R0)_0.25PF_50V'
[W] Renamed illegal part type name: '0603 6pF (6R0) 0.25pF 50V' to '0603_6PF_(6R0)_0.25PF_50V'
[W] Renamed illegal part type name: '0603 3pF (3R0) 0.25pF 50V' to '0603_3PF_(3R0)_0.25PF_50V'
[W] Renamed illegal part type name: '0402 1pF (1R0) 0.25pF 50V' to '0402_1PF_(1R0)_0.25PF_50V'
[W] Renamed illegal part type name: '1206 470pF (471) 10% 50V' to '1206_470PF_(471)_10%_50V'
[W] Renamed illegal part type name: '1206 470nF (474) 10% 50V' to '1206_470NF_(474)_10%_50V'
[W] Renamed illegal part type name: '1206 4.7uF (475) 10% 50V' to '1206_4.7UF_(475)_10%_50V'
[W] Renamed illegal part type name: '1206 220pF (221) 10% 50V' to '1206_220PF_(221)_10%_50V'
[W] Renamed illegal part type name: '1206 220nF (224) 10% 50V' to '1206_220NF_(224)_10%_50V'
[W] Renamed illegal part type name: '1206 2.2uF (225) 10% 50V' to '1206_2.2UF_(225)_10%_50V'
[W] Renamed illegal part type name: '1206 100nF (104) 10% 50V' to '1206_100NF_(104)_10%_50V'
[W] Renamed illegal part type name: '0805 680pF (681) 10% 50V' to '0805_680PF_(681)_10%_50V'
[W] Renamed illegal part type name: '0805 6.8nF (682) 10% 50V' to '0805_6.8NF_(682)_10%_50V'
[W] Renamed illegal part type name: '0805 470pF (471) 10% 50V' to '0805_470PF_(471)_10%_50V'
[W] Renamed illegal part type name: '0805 470nF (474) 10% 50V' to '0805_470NF_(474)_10%_50V'
[W] Renamed illegal part type name: '0805 4.7uF (475) 10% 25V' to '0805_4.7UF_(475)_10%_25V'
[W] Renamed illegal part type name: '0805 4.7nF (472) 10% 50V' to '0805_4.7NF_(472)_10%_50V'
[W] Renamed illegal part type name: '0805 330pF (331) 10% 50V' to '0805_330PF_(331)_10%_50V'
[W] Renamed illegal part type name: '0805 330nF (334) 10% 50V' to '0805_330NF_(334)_10%_50V'
[W] Renamed illegal part type name: '0805 3.3nF (332) 10% 50V' to '0805_3.3NF_(332)_10%_50V'
[W] Renamed illegal part type name: '0805 220pF (221) 10% 50V' to '0805_220PF_(221)_10%_50V'
[W] Renamed illegal part type name: '0805 220nF (224) 10% 50V' to '0805_220NF_(224)_10%_50V'
[W] Renamed illegal part type name: '0805 200pF (201) 10% 50V' to '0805_200PF_(201)_10%_50V'
[W] Renamed illegal part type name: '0805 2.2uF (225) 20% 50V' to '0805_2.2UF_(225)_20%_50V'
[W] Renamed illegal part type name: '0805 150pF (151) 10% 50V' to '0805_150PF_(151)_10%_50V'
[W] Renamed illegal part type name: '0805 1.5nF (152) 10% 50V' to '0805_1.5NF_(152)_10%_50V'
[W] Renamed illegal part type name: '0603 8.2nF (822) 10% 50V' to '0603_8.2NF_(822)_10%_50V'
[W] Renamed illegal part type name: '0603 680pF (681) 10% 50V' to '0603_680PF_(681)_10%_50V'
[W] Renamed illegal part type name: '0603 6.8nF (682) 10% 50V' to '0603_6.8NF_(682)_10%_50V'
[W] Renamed illegal part type name: '0603 470pF (471) 10% 50V' to '0603_470PF_(471)_10%_50V'
[W] Renamed illegal part type name: '0603 470nF (474) 10% 25V' to '0603_470NF_(474)_10%_25V'
[W] Renamed illegal part type name: '0603 4.7uF (475) 10% 16V' to '0603_4.7UF_(475)_10%_16V'
[W] Renamed illegal part type name: '0603 4.7nF (472) 10% 50V' to '0603_4.7NF_(472)_10%_50V'
[W] Renamed illegal part type name: '0603 330nF (334) 10% 25V' to '0603_330NF_(334)_10%_25V'
[W] Renamed illegal part type name: '0603 3.3nF (332) 10% 50V' to '0603_3.3NF_(332)_10%_50V'
[W] Renamed illegal part type name: '0603 22uF (226) 20% 6.3V' to '0603_22UF_(226)_20%_6.3V'
[W] Renamed illegal part type name: '0603 220pF (221) 10% 50V' to '0603_220PF_(221)_10%_50V'
[W] Renamed illegal part type name: '0603 220nF (224) 10% 25V' to '0603_220NF_(224)_10%_25V'
[W] Renamed illegal part type name: '0603 200pF (201) 10% 50V' to '0603_200PF_(201)_10%_50V'
[W] Renamed illegal part type name: '0603 2.7nF (272) 10% 50V' to '0603_2.7NF_(272)_10%_50V'
[W] Renamed illegal part type name: '0603 2.2uF (225) 10% 16V' to '0603_2.2UF_(225)_10%_16V'
[W] Renamed illegal part type name: '0603 2.2nF (222) 10% 50V' to '0603_2.2NF_(222)_10%_50V'
[W] Renamed illegal part type name: '0603 150pF (151) 10% 50V' to '0603_150PF_(151)_10%_50V'
[W] Renamed illegal part type name: '0603 100nF (104) 10% 50V' to '0603_100NF_(104)_10%_50V'
[W] Renamed illegal part type name: '0603 1.5nF (152) 10% 50V' to '0603_1.5NF_(152)_10%_50V'
[W] Renamed illegal part type name: '0603 1.2nF (122) 10% 50V' to '0603_1.2NF_(122)_10%_50V'
[W] Renamed illegal part type name: '0402 6.8nF (682) 10% 50V' to '0402_6.8NF_(682)_10%_50V'
[W] Renamed illegal part type name: '0402 470pF (471) 10% 50V' to '0402_470PF_(471)_10%_50V'
[W] Renamed illegal part type name: '0402 470nF (474) 10% 10V' to '0402_470NF_(474)_10%_10V'
[W] Renamed illegal part type name: '0402 4.7uF (475) 20% 10V' to '0402_4.7UF_(475)_20%_10V'
[W] Renamed illegal part type name: '0402 4.7nF (472) 10% 50V' to '0402_4.7NF_(472)_10%_50V'
[W] Renamed illegal part type name: '0402 3.3nF (332) 10% 50V' to '0402_3.3NF_(332)_10%_50V'
[W] Renamed illegal part type name: '0402 220pF (221) 10% 50V' to '0402_220PF_(221)_10%_50V'
[W] Renamed illegal part type name: '0402 220nF (224) 10% 16V' to '0402_220NF_(224)_10%_16V'
[W] Renamed illegal part type name: '0402 2.2nF (222) 10% 50V' to '0402_2.2NF_(222)_10%_50V'
[W] Renamed illegal part type name: '0402 150pF (151) 10% 50V' to '0402_150PF_(151)_10%_50V'
[W] Renamed illegal part type name: '0402 10uF (106) 20% 6.3V' to '0402_10UF_(106)_20%_6.3V'
[W] Renamed illegal part type name: '0402 100nF (104) 10% 16V' to '0402_100NF_(104)_10%_16V'
[W] Renamed illegal part type name: '0402 1.5nF (152) 10% 50V' to '0402_1.5NF_(152)_10%_50V'
[W] Renamed illegal part type name: '3528 100uF (107) 10% 6.3V' to '3528_100UF_(107)_10%_6.3V'
[W] Renamed illegal part type name: '3216 10uF (106) 10% 16V' to '3216_10UF_(106)_10%_16V'
[W] Renamed illegal part type name: '0402 1.0uF (105) 10% 25V' to '0402_1.0UF_(105)_10%_25V'
[W] Renamed illegal part type name: '1206 1nF (102) 10% 500V' to '1206_1NF_(102)_10%_500V'
[W] Renamed illegal part type name: '1206 10uF (106) 10% 50V' to '1206_10UF_(106)_10%_50V'
[W] Renamed illegal part type name: '1206 10nF (103) 10% 50V' to '1206_10NF_(103)_10%_50V'
[W] Renamed illegal part type name: '0805 68nF (683) 10% 50V' to '0805_68NF_(683)_10%_50V'
[W] Renamed illegal part type name: '0805 47nF (473) 10% 50V' to '0805_47NF_(473)_10%_50V'
[W] Renamed illegal part type name: '0805 33nF (333) 10% 50V' to '0805_33NF_(333)_10%_50V'
[W] Renamed illegal part type name: '0805 22uF (226) 20% 25V' to '0805_22UF_(226)_20%_25V'
[W] Renamed illegal part type name: '0805 22nF (223) 10% 50V' to '0805_22NF_(223)_10%_50V'
[W] Renamed illegal part type name: '0805 2.2nF (222) 5% 50V' to '0805_2.2NF_(222)_5%_50V'
[W] Renamed illegal part type name: '0805 10uF (106) 10% 25V' to '0805_10UF_(106)_10%_25V'
[W] Renamed illegal part type name: '0805 10nF (103) 10% 50V' to '0805_10NF_(103)_10%_50V'
[W] Renamed illegal part type name: '0805 100pF (101) 5% 50V' to '0805_100PF_(101)_5%_50V'
[W] Renamed illegal part type name: '0805 100nF(104) 10% 50V' to '0805_100NF(104)_10%_50V'
[W] Renamed illegal part type name: '0603 68nF (683) 10% 50V' to '0603_68NF_(683)_10%_50V'
[W] Renamed illegal part type name: '0603 47nF (473) 10% 50V' to '0603_47NF_(473)_10%_50V'
[W] Renamed illegal part type name: '0603 33nF (333) 10% 50V' to '0603_33NF_(333)_10%_50V'
[W] Renamed illegal part type name: '0603 330pF (331) 5% 50V' to '0603_330PF_(331)_5%_50V'
[W] Renamed illegal part type name: '0603 27nF (273) 20% 50V' to '0603_27NF_(273)_20%_50V'
[W] Renamed illegal part type name: '0603 22nF (223) 10% 50V' to '0603_22NF_(223)_10%_50V'
[W] Renamed illegal part type name: '0603 15nF (153) 10% 50V' to '0603_15NF_(153)_10%_50V'
[W] Renamed illegal part type name: '0603 12nF (123) 10% 50V' to '0603_12NF_(123)_10%_50V'
[W] Renamed illegal part type name: '0603 10uF (106) 10% 10V' to '0603_10UF_(106)_10%_10V'
[W] Renamed illegal part type name: '0603 10nF (103) 10% 50V' to '0603_10NF_(103)_10%_50V'
[W] Renamed illegal part type name: '0603 100pF (101) 5% 50V' to '0603_100PF_(101)_5%_50V'
[W] Renamed illegal part type name: '0402 33nF (333) 20% 50V' to '0402_33NF_(333)_20%_50V'
[W] Renamed illegal part type name: '0402 330pF (331) 5% 50V' to '0402_330PF_(331)_5%_50V'
[W] Renamed illegal part type name: '0402 22nF (223) 10% 50V' to '0402_22NF_(223)_10%_50V'
[W] Renamed illegal part type name: '0402 10nF (103) 10% 50V' to '0402_10NF_(103)_10%_50V'
[W] Renamed illegal part type name: '0402 100pF (101) 5% 50V' to '0402_100PF_(101)_5%_50V'
[W] Renamed illegal part type name: '1206 1uF (105) 10% 50V' to '1206_1UF_(105)_10%_50V'
[W] Renamed illegal part type name: '0805 68pF (680) 5% 50V' to '0805_68PF_(680)_5%_50V'
[W] Renamed illegal part type name: '0805 56pF (560) 5% 50V' to '0805_56PF_(560)_5%_50V'
[W] Renamed illegal part type name: '0805 47pF (470) 5% 50V' to '0805_47PF_(470)_5%_50V'
[W] Renamed illegal part type name: '0805 33pF (330) 5% 50V' to '0805_33PF_(330)_5%_50V'
[W] Renamed illegal part type name: '0805 30pF (300) 5% 50V' to '0805_30PF_(300)_5%_50V'
[W] Renamed illegal part type name: '0805 27pF (270) 5% 50V' to '0805_27PF_(270)_5%_50V'
[W] Renamed illegal part type name: '0805 22pF (220) 5% 50V' to '0805_22PF_(220)_5%_50V'
[W] Renamed illegal part type name: '0805 20pF (200) 5% 50V' to '0805_20PF_(200)_5%_50V'
[W] Renamed illegal part type name: '0805 1uF (105) 10% 50V' to '0805_1UF_(105)_10%_50V'
[W] Renamed illegal part type name: '0805 1nF (102) 10% 50V' to '0805_1NF_(102)_10%_50V'
[W] Renamed illegal part type name: '0805 18pF (180) 5% 50V' to '0805_18PF_(180)_5%_50V'
[W] Renamed illegal part type name: '0805 15pF (150) 5% 50V' to '0805_15PF_(150)_5%_50V'
[W] Renamed illegal part type name: '0805 12pF (120) 5% 50V' to '0805_12PF_(120)_5%_50V'
[W] Renamed illegal part type name: '0805 10pF (100) 5% 50V' to '0805_10PF_(100)_5%_50V'
[W] Renamed illegal part type name: '0603 82pF (820) 5% 50V' to '0603_82PF_(820)_5%_50V'
[W] Renamed illegal part type name: '0603 68pF (680) 5% 50V' to '0603_68PF_(680)_5%_50V'
[W] Renamed illegal part type name: '0603 56pF (560) 5% 50V' to '0603_56PF_(560)_5%_50V'
[W] Renamed illegal part type name: '0603 47pF (470) 5% 50V' to '0603_47PF_(470)_5%_50V'
[W] Renamed illegal part type name: '0603 33pF (330) 5% 50V' to '0603_33PF_(330)_5%_50V'
[W] Renamed illegal part type name: '0603 30pF (300) 5% 50V' to '0603_30PF_(300)_5%_50V'
[W] Renamed illegal part type name: '0603 27pF (270) 5% 50V' to '0603_27PF_(270)_5%_50V'
[W] Renamed illegal part type name: '0603 22pF (220) 5% 50V' to '0603_22PF_(220)_5%_50V'
[W] Renamed illegal part type name: '0603 20pF (200) 5% 50V' to '0603_20PF_(200)_5%_50V'
[W] Renamed illegal part type name: '0603 1uF (105) 10% 50V' to '0603_1UF_(105)_10%_50V'
[W] Renamed illegal part type name: '0603 1nF (102) 10% 50V' to '0603_1NF_(102)_10%_50V'
[W] Renamed illegal part type name: '0603 18pF (180) 5% 50V' to '0603_18PF_(180)_5%_50V'
[W] Renamed illegal part type name: '0603 15pF (150) 5% 50V' to '0603_15PF_(150)_5%_50V'
[W] Renamed illegal part type name: '0603 12pF (120) 5% 50V' to '0603_12PF_(120)_5%_50V'
[W] Renamed illegal part type name: '0603 10pF (100) 5% 50V' to '0603_10PF_(100)_5%_50V'
[W] Renamed illegal part type name: '0402 68pF (680) 5% 50V' to '0402_68PF_(680)_5%_50V'
[W] Renamed illegal part type name: '0402 56pF (560) 5% 50V' to '0402_56PF_(560)_5%_50V'
[W] Renamed illegal part type name: '0402 47pF (470) 5% 50V' to '0402_47PF_(470)_5%_50V'
[W] Renamed illegal part type name: '0402 33pF (330) 5% 50V' to '0402_33PF_(330)_5%_50V'
[W] Renamed illegal part type name: '0402 30pF (300) 5% 50V' to '0402_30PF_(300)_5%_50V'
[W] Renamed illegal part type name: '0402 27pF (270) 5% 50V' to '0402_27PF_(270)_5%_50V'
[W] Renamed illegal part type name: '0402 22pF (220) 5% 50V' to '0402_22PF_(220)_5%_50V'
[W] Renamed illegal part type name: '0402 20pF (200) 5% 50V' to '0402_20PF_(200)_5%_50V'
[W] Renamed illegal part type name: '0402 1nF (102) 10% 50V' to '0402_1NF_(102)_10%_50V'
[W] Renamed illegal part type name: '0402 18pF (180) 5% 50V' to '0402_18PF_(180)_5%_50V'
[W] Renamed illegal part type name: '0402 15pF (150) 5% 50V' to '0402_15PF_(150)_5%_50V'
[W] Renamed illegal part type name: '0402 12pF (120) 5% 50V' to '0402_12PF_(120)_5%_50V'
[W] Renamed illegal part type name: '0402 10pF (100) 5% 50V' to '0402_10PF_(100)_5%_50V'
[O] Created 156 symbol(s) and 0 schematic sheet(s)
0 error(s) and 310 warning(s) found
Finished on 2017/2/13 at 14:04:53.
--------------------------------------------------------------------------------
总计:310 条警告，0 个错误
